#
# A fatal error has been detected by the Java Runtime Environment:
#
#  EXCEPTION_ACCESS_VIOLATION (0xc0000005) at pc=0x00007ffb513aac25, pid=13612, tid=2688
#
# JRE version: Java(TM) SE Runtime Environment (15.0.2+7) (build 15.0.2+7-27)
# Java VM: Java HotSpot(TM) 64-Bit Server VM (15.0.2+7-27, mixed mode, sharing, tiered, compressed oops, g1 gc, windows-amd64)
# Problematic frame:
# V  [jvm.dll+0x76ac25]
#
# No core dump will be written. Minidumps are not enabled by default on client versions of Windows
#
# If you would like to submit a bug report, please visit:
#   https://bugreport.java.com/bugreport/crash.jsp
#

---------------  S U M M A R Y ------------

Command Line: -Dclassworlds.conf=C:\Program Files\NetBeans-15\netbeans\java\maven\bin\m2.conf -Dmaven.home=C:\Program Files\NetBeans-15\netbeans\java\maven -Dlibrary.jansi.path=C:\Program Files\NetBeans-15\netbeans\java\maven\lib\jansi-native -Dmaven.multiModuleProjectDirectory=C:\Users\eljor\OneDrive\Documentos\NetBeansProjects\PeluqueriaCanina org.codehaus.plexus.classworlds.launcher.Launcher -Dexec.vmArgs= -Dexec.args=${exec.vmArgs} -classpath %classpath ${exec.mainClass} ${exec.appArgs} -Dexec.appArgs= -Dexec.mainClass=com.mycompany.prueba.Prueba -Dexec.executable=C:\Program Files\Java\jdk-15.0.2\bin\java.exe -Dmaven.ext.class.path=C:\Program Files\NetBeans-15\netbeans\java\maven-nblib\netbeans-eventspy.jar -Dfile.encoding=UTF-8 org.codehaus.mojo:exec-maven-plugin:3.0.0:exec

Host: AMD Ryzen 5 1600 Six-Core Processor            , 12 cores, 15G,  Windows 10 , 64 bit Build 19041 (10.0.19041.3636)
Time: Thu May  9 22:12:34 2024 Hora estándar de Argentina elapsed time: 0.718999 seconds (0d 0h 0m 0s)

---------------  T H R E A D  ---------------

Current thread (0x0000022dcda8e890):  JavaThread "C2 CompilerThread2" daemon [_thread_in_native, id=2688, stack(0x00000090c6600000,0x00000090c6700000)]


Current CompileTask:
C2:    719 1181       4       java.io.WinNTFileSystem::normalize (143 bytes)

Stack: [0x00000090c6600000,0x00000090c6700000],  sp=0x00000090c66fa838,  free space=1002k
Native frames: (J=compiled Java code, j=interpreted, Vv=VM code, C=native code)
V  [jvm.dll+0x76ac25]
V  [jvm.dll+0x279cf9]
V  [jvm.dll+0x27a054]
V  [jvm.dll+0x540794]
V  [jvm.dll+0x1f2cd4]
V  [jvm.dll+0x1ec588]
V  [jvm.dll+0x1e9867]
V  [jvm.dll+0x178567]
V  [jvm.dll+0x1f9225]
V  [jvm.dll+0x1f72cc]
V  [jvm.dll+0x74495d]
V  [jvm.dll+0x73d75a]
V  [jvm.dll+0x629c56]
C  [ucrtbase.dll+0x21bb2]
C  [KERNEL32.DLL+0x17344]
C  [ntdll.dll+0x526b1]


siginfo: EXCEPTION_ACCESS_VIOLATION (0xc0000005), reading address 0xffffffffffffffff


Register to memory mapping:

RIP=0x00007ffb513aac25 jvm.dll
RAX=0x0000022dce356760 points into unknown readable memory: 0x0000022dcdd7cc88 | 88 cc d7 cd 2d 02 00 00
RBX=0x0000000000000003 is an unknown value
RCX=0x00000090c66fa920 is pointing into the stack for thread: 0x0000022dcda8e890
RDX=0x0000000000000003 is an unknown value
RSP=0x00000090c66fa838 is pointing into the stack for thread: 0x0000022dcda8e890
RBP=0x00000090c66fa8b0 is pointing into the stack for thread: 0x0000022dcda8e890
RSI=0x0 is NULL
RDI=0x000000000000006b is an unknown value
R8 =0x000000000000006b is an unknown value
R9 =0x0000022dcdee25d0 points into unknown readable memory: 0x0000000000000000 | 00 00 00 00 00 00 00 00
R10=0x000000000000001c is an unknown value
R11=0x0000022dce355fa0 points into unknown readable memory: 0xffffffff00000001 | 01 00 00 00 ff ff ff ff
R12=0x00000090c66fa920 is pointing into the stack for thread: 0x0000022dcda8e890
R13=0x0000022dce269a30 points into unknown readable memory: 0x00007ffb5148cb40 | 40 cb 48 51 fb 7f 00 00
R14=0x0000000000000008 is an unknown value
R15=0x0000022dcdee2858 points into unknown readable memory: 0x0000005f00000007 | 07 00 00 00 5f 00 00 00


Registers:
RAX=0x0000022dce356760, RBX=0x0000000000000003, RCX=0x00000090c66fa920, RDX=0x0000000000000003
RSP=0x00000090c66fa838, RBP=0x00000090c66fa8b0, RSI=0x0000000000000000, RDI=0x000000000000006b
R8 =0x000000000000006b, R9 =0x0000022dcdee25d0, R10=0x000000000000001c, R11=0x0000022dce355fa0
R12=0x00000090c66fa920, R13=0x0000022dce269a30, R14=0x0000000000000008, R15=0x0000022dcdee2858
RIP=0x00007ffb513aac25, EFLAGS=0x0000000000010202

Top of Stack: (sp=0x00000090c66fa838)
0x00000090c66fa838:   00007ffb50eb9cf9 0000000000000003
0x00000090c66fa848:   0000022dce355fa0 0000000000000000
0x00000090c66fa858:   0000000000000000 0000022dcdee2858
0x00000090c66fa868:   0000001c00000002 0000000000000000
0x00000090c66fa878:   00007ffb00000008 0000022dce356760
0x00000090c66fa888:   00007ffb51182408 0000022dcdaa4d60
0x00000090c66fa898:   0000000000000000 0000022dcd688750
0x00000090c66fa8a8:   00000090c66fadd0 0000022dce355fa0
0x00000090c66fa8b8:   0000000000000040 0000022dcdee25d0
0x00000090c66fa8c8:   00007ffb50eba054 0000022dcdee25d0
0x00000090c66fa8d8:   0000022dcda8fef0 00000090c66fadd0
0x00000090c66fa8e8:   0000022dce355fa0 0000022dce355fa0
0x00000090c66fa8f8:   0000022dcdaa4d60 0000022dcd688750
0x00000090c66fa908:   0000000000010388 0000022dcd68aa60
0x00000090c66fa918:   0000022dcd690738 0000022d00000002
0x00000090c66fa928:   0000022dce356750 0000000000000002 

Instructions: (pc=0x00007ffb513aac25)
0x00007ffb513aab25:   00 06 00 00 06 06 06 06 06 06 06 06 06 06 06 06
0x00007ffb513aab35:   00 00 06 06 06 06 06 06 06 06 06 06 06 06 06 06
0x00007ffb513aab45:   06 06 03 03 06 06 06 06 06 06 06 06 06 06 06 06
0x00007ffb513aab55:   06 06 06 06 06 06 06 06 06 06 06 05 05 66 90 0e
0x00007ffb513aab65:   aa 76 00 0e aa 76 00 0e aa 76 00 0e aa 76 00 2a
0x00007ffb513aab75:   aa 76 00 2a aa 76 00 2a aa 76 00 2a aa 76 00 2a
0x00007ffb513aab85:   aa 76 00 f2 a9 76 00 f2 a9 76 00 0e aa 76 00 0e
0x00007ffb513aab95:   aa 76 00 cc cc cc cc cc cc cc cc 48 89 5c 24 08
0x00007ffb513aaba5:   57 48 83 ec 20 c7 01 02 00 00 00 48 8b da 48 8b
0x00007ffb513aabb5:   42 18 48 8b f9 48 83 f8 ef 76 18 4c 8d 05 99 c3
0x00007ffb513aabc5:   0d 00 ba 10 00 00 00 48 8b cb e8 bc dd 92 ff 48
0x00007ffb513aabd5:   8b 43 18 48 8d 48 10 48 3b 4b 20 76 11 45 33 c0
0x00007ffb513aabe5:   48 8b cb 41 8d 50 10 e8 ef d9 92 ff eb 04 48 89
0x00007ffb513aabf5:   4b 18 48 89 47 08 33 c9 48 89 5f 18 48 8b 5c 24
0x00007ffb513aac05:   30 c7 47 10 02 00 00 00 89 08 48 8b 47 08 89 48
0x00007ffb513aac15:   04 48 8b c7 48 83 c4 20 5f c3 cc 48 89 5c 24 08
0x00007ffb513aac25:   57 48 83 ec 30 8d 5a 01 48 8b f9 85 db 74 04 85
0x00007ffb513aac35:   da 74 18 0f bd c3 ba 1f 00 00 00 b9 20 00 00 00
0x00007ffb513aac45:   2b d0 bb 01 00 00 00 2a ca d3 e3 3b 5f 10 76 2a
0x00007ffb513aac55:   44 8b 07 48 8b 57 08 48 8b 4f 18 44 8b cb 49 c1
0x00007ffb513aac65:   e1 02 49 c1 e0 02 c7 44 24 20 00 00 00 00 e8 38
0x00007ffb513aac75:   d3 92 ff 48 89 47 08 89 5f 10 8b 0f 44 8b c3 48
0x00007ffb513aac85:   8b 47 08 44 2b c1 49 c1 e0 02 33 d2 48 8d 0c 88
0x00007ffb513aac95:   e8 c8 f0 06 00 89 1f 48 8b 5c 24 40 48 83 c4 30
0x00007ffb513aaca5:   5f c3 cc cc cc cc cc cc cc cc cc 8b 11 33 c0 85
0x00007ffb513aacb5:   d2 74 15 4c 8b 41 08 0f 1f 40 00 41 83 3c 80 00
0x00007ffb513aacc5:   75 09 ff c0 3b c2 72 f3 b0 01 c3 32 c0 c3 cc cc
0x00007ffb513aacd5:   cc cc cc cc cc cc cc cc cc cc cc 40 53 48 83 ec
0x00007ffb513aace5:   20 0f b6 c2 48 8b d9 83 f8 05 77 63 48 8d 0d 08
0x00007ffb513aacf5:   53 89 ff 8b 94 81 7c ad 76 00 48 03 d1 ff e2 48
0x00007ffb513aad05:   c7 03 01 01 01 00 48 8b c3 48 83 c4 20 5b c3 48
0x00007ffb513aad15:   c7 03 01 01 02 00 48 8b c3 48 83 c4 20 5b c3 48 


Stack slot to memory mapping:
stack at sp + 0 slots: 0x00007ffb50eb9cf9 jvm.dll
stack at sp + 1 slots: 0x0000000000000003 is an unknown value
stack at sp + 2 slots: 0x0000022dce355fa0 points into unknown readable memory: 0xffffffff00000001 | 01 00 00 00 ff ff ff ff
stack at sp + 3 slots: 0x0 is NULL
stack at sp + 4 slots: 0x0 is NULL
stack at sp + 5 slots: 0x0000022dcdee2858 points into unknown readable memory: 0x0000005f00000007 | 07 00 00 00 5f 00 00 00
stack at sp + 6 slots: 0x0000001c00000002 is an unknown value
stack at sp + 7 slots: 0x0 is NULL


---------------  P R O C E S S  ---------------

Threads class SMR info:
_java_thread_list=0x0000022dcdaaccd0, length=13, elements={
0x0000022da8b71770, 0x0000022dccf29960, 0x0000022dcc719c00, 0x0000022dccf40c60,
0x0000022dccf44640, 0x0000022dccf457a0, 0x0000022dccf4a1e0, 0x0000022dccf4b430,
0x0000022dccf5cd90, 0x0000022dcd076b50, 0x0000022dcd08c6b0, 0x0000022dcda8e380,
0x0000022dcda8e890
}

Java Threads: ( => current thread )
  0x0000022da8b71770 JavaThread "main" [_thread_in_Java, id=29004, stack(0x00000090c5300000,0x00000090c5400000)]
  0x0000022dccf29960 JavaThread "Reference Handler" daemon [_thread_blocked, id=8036, stack(0x00000090c5a00000,0x00000090c5b00000)]
  0x0000022dcc719c00 JavaThread "Finalizer" daemon [_thread_blocked, id=22648, stack(0x00000090c5b00000,0x00000090c5c00000)]
  0x0000022dccf40c60 JavaThread "Signal Dispatcher" daemon [_thread_blocked, id=20476, stack(0x00000090c5c00000,0x00000090c5d00000)]
  0x0000022dccf44640 JavaThread "Attach Listener" daemon [_thread_blocked, id=22532, stack(0x00000090c5d00000,0x00000090c5e00000)]
  0x0000022dccf457a0 JavaThread "Service Thread" daemon [_thread_blocked, id=19824, stack(0x00000090c5e00000,0x00000090c5f00000)]
  0x0000022dccf4a1e0 JavaThread "C2 CompilerThread0" daemon [_thread_blocked, id=7628, stack(0x00000090c5f00000,0x00000090c6000000)]
  0x0000022dccf4b430 JavaThread "C1 CompilerThread0" daemon [_thread_blocked, id=24680, stack(0x00000090c6000000,0x00000090c6100000)]
  0x0000022dccf5cd90 JavaThread "Sweeper thread" daemon [_thread_blocked, id=21156, stack(0x00000090c6100000,0x00000090c6200000)]
  0x0000022dcd076b50 JavaThread "Notification Thread" daemon [_thread_blocked, id=29416, stack(0x00000090c6200000,0x00000090c6300000)]
  0x0000022dcd08c6b0 JavaThread "Common-Cleaner" daemon [_thread_blocked, id=22908, stack(0x00000090c6400000,0x00000090c6500000)]
  0x0000022dcda8e380 JavaThread "C2 CompilerThread1" daemon [_thread_blocked, id=26264, stack(0x00000090c6500000,0x00000090c6600000)]
=>0x0000022dcda8e890 JavaThread "C2 CompilerThread2" daemon [_thread_in_native, id=2688, stack(0x00000090c6600000,0x00000090c6700000)]

Other Threads:
  0x0000022dcc7178e0 VMThread "VM Thread" [stack: 0x00000090c5900000,0x00000090c5a00000] [id=988]
  0x0000022dcd087640 WatcherThread [stack: 0x00000090c6300000,0x00000090c6400000] [id=24824]
  0x0000022da8bc4480 GCTaskThread "GC Thread#0" [stack: 0x00000090c5400000,0x00000090c5500000] [id=27276]
  0x0000022dcd981990 GCTaskThread "GC Thread#1" [stack: 0x00000090c6700000,0x00000090c6800000] [id=6936]
  0x0000022dcd981ff0 GCTaskThread "GC Thread#2" [stack: 0x00000090c6800000,0x00000090c6900000] [id=13264]
  0x0000022dcd981cc0 GCTaskThread "GC Thread#3" [stack: 0x00000090c6900000,0x00000090c6a00000] [id=24276]
  0x0000022dcd97f020 GCTaskThread "GC Thread#4" [stack: 0x00000090c6a00000,0x00000090c6b00000] [id=9588]
  0x0000022dcd980340 GCTaskThread "GC Thread#5" [stack: 0x00000090c6b00000,0x00000090c6c00000] [id=24596]
  0x0000022da8bd63f0 ConcurrentGCThread "G1 Main Marker" [stack: 0x00000090c5500000,0x00000090c5600000] [id=2812]
  0x0000022da8bd7690 ConcurrentGCThread "G1 Conc#0" [stack: 0x00000090c5600000,0x00000090c5700000] [id=1208]
  0x0000022dcc5a20d0 ConcurrentGCThread "G1 Refine#0" [stack: 0x00000090c5700000,0x00000090c5800000] [id=3444]
  0x0000022dcc5a2ae0 ConcurrentGCThread "G1 Young RemSet Sampling" [stack: 0x00000090c5800000,0x00000090c5900000] [id=28524]

Threads with active compile tasks:
C2 CompilerThread2      761 1181       4       java.io.WinNTFileSystem::normalize (143 bytes)

VM state: not at safepoint (normal execution)

VM Mutex/Monitor currently owned by a thread: None

Heap address: 0x0000000701000000, size: 4080 MB, Compressed Oops mode: Zero based, Oop shift amount: 3
CDS archive(s) mapped at: [0x0000000800000000-0x0000000800b50000-0x0000000800b50000), size 11862016, SharedBaseAddress: 0x0000000800000000, ArchiveRelocationMode: 0.
Compressed class space mapped at: 0x0000000800b50000-0x0000000840b50000, size: 1073741824
Narrow klass base: 0x0000000800000000, Narrow klass shift: 3, Narrow klass range: 0x100000000

GC Precious Log:
 CPUs: 12 total, 12 available
 Memory: 16319M
 Large Page Support: Disabled
 NUMA Support: Disabled
 Compressed Oops: Enabled (Zero based)
 Heap Region Size: 2M
 Heap Min Capacity: 8M
 Heap Initial Capacity: 256M
 Heap Max Capacity: 4080M
 Pre-touch: Disabled
 Parallel Workers: 10
 Concurrent Workers: 3
 Concurrent Refinement Workers: 10
 Periodic GC: Disabled

Heap:
 garbage-first heap   total 262144K, used 15803K [0x0000000701000000, 0x0000000800000000)
  region size 2048K, 9 young (18432K), 2 survivors (4096K)
 Metaspace       used 6316K, capacity 8674K, committed 8960K, reserved 1056768K
  class space    used 724K, capacity 952K, committed 1024K, reserved 1048576K

Heap Regions: E=young(eden), S=young(survivor), O=old, HS=humongous(starts), HC=humongous(continues), CS=collection set, F=free, OA=open archive, CA=closed archive, TAMS=top-at-mark-start (previous, next)
|   0|0x0000000701000000, 0x0000000701000000, 0x0000000701200000|  0%| F|  |TAMS 0x0000000701000000, 0x0000000701000000| Untracked 
|   1|0x0000000701200000, 0x0000000701200000, 0x0000000701400000|  0%| F|  |TAMS 0x0000000701200000, 0x0000000701200000| Untracked 
|   2|0x0000000701400000, 0x0000000701400000, 0x0000000701600000|  0%| F|  |TAMS 0x0000000701400000, 0x0000000701400000| Untracked 
|   3|0x0000000701600000, 0x0000000701600000, 0x0000000701800000|  0%| F|  |TAMS 0x0000000701600000, 0x0000000701600000| Untracked 
|   4|0x0000000701800000, 0x0000000701800000, 0x0000000701a00000|  0%| F|  |TAMS 0x0000000701800000, 0x0000000701800000| Untracked 
|   5|0x0000000701a00000, 0x0000000701a00000, 0x0000000701c00000|  0%| F|  |TAMS 0x0000000701a00000, 0x0000000701a00000| Untracked 
|   6|0x0000000701c00000, 0x0000000701c00000, 0x0000000701e00000|  0%| F|  |TAMS 0x0000000701c00000, 0x0000000701c00000| Untracked 
|   7|0x0000000701e00000, 0x0000000701e00000, 0x0000000702000000|  0%| F|  |TAMS 0x0000000701e00000, 0x0000000701e00000| Untracked 
|   8|0x0000000702000000, 0x0000000702000000, 0x0000000702200000|  0%| F|  |TAMS 0x0000000702000000, 0x0000000702000000| Untracked 
|   9|0x0000000702200000, 0x0000000702200000, 0x0000000702400000|  0%| F|  |TAMS 0x0000000702200000, 0x0000000702200000| Untracked 
|  10|0x0000000702400000, 0x0000000702400000, 0x0000000702600000|  0%| F|  |TAMS 0x0000000702400000, 0x0000000702400000| Untracked 
|  11|0x0000000702600000, 0x0000000702600000, 0x0000000702800000|  0%| F|  |TAMS 0x0000000702600000, 0x0000000702600000| Untracked 
|  12|0x0000000702800000, 0x0000000702800000, 0x0000000702a00000|  0%| F|  |TAMS 0x0000000702800000, 0x0000000702800000| Untracked 
|  13|0x0000000702a00000, 0x0000000702a00000, 0x0000000702c00000|  0%| F|  |TAMS 0x0000000702a00000, 0x0000000702a00000| Untracked 
|  14|0x0000000702c00000, 0x0000000702c00000, 0x0000000702e00000|  0%| F|  |TAMS 0x0000000702c00000, 0x0000000702c00000| Untracked 
|  15|0x0000000702e00000, 0x0000000702e00000, 0x0000000703000000|  0%| F|  |TAMS 0x0000000702e00000, 0x0000000702e00000| Untracked 
|  16|0x0000000703000000, 0x0000000703000000, 0x0000000703200000|  0%| F|  |TAMS 0x0000000703000000, 0x0000000703000000| Untracked 
|  17|0x0000000703200000, 0x0000000703200000, 0x0000000703400000|  0%| F|  |TAMS 0x0000000703200000, 0x0000000703200000| Untracked 
|  18|0x0000000703400000, 0x0000000703400000, 0x0000000703600000|  0%| F|  |TAMS 0x0000000703400000, 0x0000000703400000| Untracked 
|  19|0x0000000703600000, 0x0000000703600000, 0x0000000703800000|  0%| F|  |TAMS 0x0000000703600000, 0x0000000703600000| Untracked 
|  20|0x0000000703800000, 0x0000000703800000, 0x0000000703a00000|  0%| F|  |TAMS 0x0000000703800000, 0x0000000703800000| Untracked 
|  21|0x0000000703a00000, 0x0000000703a00000, 0x0000000703c00000|  0%| F|  |TAMS 0x0000000703a00000, 0x0000000703a00000| Untracked 
|  22|0x0000000703c00000, 0x0000000703c00000, 0x0000000703e00000|  0%| F|  |TAMS 0x0000000703c00000, 0x0000000703c00000| Untracked 
|  23|0x0000000703e00000, 0x0000000703e00000, 0x0000000704000000|  0%| F|  |TAMS 0x0000000703e00000, 0x0000000703e00000| Untracked 
|  24|0x0000000704000000, 0x0000000704000000, 0x0000000704200000|  0%| F|  |TAMS 0x0000000704000000, 0x0000000704000000| Untracked 
|  25|0x0000000704200000, 0x0000000704200000, 0x0000000704400000|  0%| F|  |TAMS 0x0000000704200000, 0x0000000704200000| Untracked 
|  26|0x0000000704400000, 0x0000000704400000, 0x0000000704600000|  0%| F|  |TAMS 0x0000000704400000, 0x0000000704400000| Untracked 
|  27|0x0000000704600000, 0x0000000704600000, 0x0000000704800000|  0%| F|  |TAMS 0x0000000704600000, 0x0000000704600000| Untracked 
|  28|0x0000000704800000, 0x0000000704800000, 0x0000000704a00000|  0%| F|  |TAMS 0x0000000704800000, 0x0000000704800000| Untracked 
|  29|0x0000000704a00000, 0x0000000704a00000, 0x0000000704c00000|  0%| F|  |TAMS 0x0000000704a00000, 0x0000000704a00000| Untracked 
|  30|0x0000000704c00000, 0x0000000704c00000, 0x0000000704e00000|  0%| F|  |TAMS 0x0000000704c00000, 0x0000000704c00000| Untracked 
|  31|0x0000000704e00000, 0x0000000704e00000, 0x0000000705000000|  0%| F|  |TAMS 0x0000000704e00000, 0x0000000704e00000| Untracked 
|  32|0x0000000705000000, 0x0000000705000000, 0x0000000705200000|  0%| F|  |TAMS 0x0000000705000000, 0x0000000705000000| Untracked 
|  33|0x0000000705200000, 0x0000000705200000, 0x0000000705400000|  0%| F|  |TAMS 0x0000000705200000, 0x0000000705200000| Untracked 
|  34|0x0000000705400000, 0x0000000705400000, 0x0000000705600000|  0%| F|  |TAMS 0x0000000705400000, 0x0000000705400000| Untracked 
|  35|0x0000000705600000, 0x0000000705600000, 0x0000000705800000|  0%| F|  |TAMS 0x0000000705600000, 0x0000000705600000| Untracked 
|  36|0x0000000705800000, 0x0000000705800000, 0x0000000705a00000|  0%| F|  |TAMS 0x0000000705800000, 0x0000000705800000| Untracked 
|  37|0x0000000705a00000, 0x0000000705a00000, 0x0000000705c00000|  0%| F|  |TAMS 0x0000000705a00000, 0x0000000705a00000| Untracked 
|  38|0x0000000705c00000, 0x0000000705c00000, 0x0000000705e00000|  0%| F|  |TAMS 0x0000000705c00000, 0x0000000705c00000| Untracked 
|  39|0x0000000705e00000, 0x0000000705e00000, 0x0000000706000000|  0%| F|  |TAMS 0x0000000705e00000, 0x0000000705e00000| Untracked 
|  40|0x0000000706000000, 0x0000000706000000, 0x0000000706200000|  0%| F|  |TAMS 0x0000000706000000, 0x0000000706000000| Untracked 
|  41|0x0000000706200000, 0x0000000706200000, 0x0000000706400000|  0%| F|  |TAMS 0x0000000706200000, 0x0000000706200000| Untracked 
|  42|0x0000000706400000, 0x0000000706400000, 0x0000000706600000|  0%| F|  |TAMS 0x0000000706400000, 0x0000000706400000| Untracked 
|  43|0x0000000706600000, 0x0000000706600000, 0x0000000706800000|  0%| F|  |TAMS 0x0000000706600000, 0x0000000706600000| Untracked 
|  44|0x0000000706800000, 0x0000000706800000, 0x0000000706a00000|  0%| F|  |TAMS 0x0000000706800000, 0x0000000706800000| Untracked 
|  45|0x0000000706a00000, 0x0000000706a00000, 0x0000000706c00000|  0%| F|  |TAMS 0x0000000706a00000, 0x0000000706a00000| Untracked 
|  46|0x0000000706c00000, 0x0000000706c00000, 0x0000000706e00000|  0%| F|  |TAMS 0x0000000706c00000, 0x0000000706c00000| Untracked 
|  47|0x0000000706e00000, 0x0000000706e00000, 0x0000000707000000|  0%| F|  |TAMS 0x0000000706e00000, 0x0000000706e00000| Untracked 
|  48|0x0000000707000000, 0x0000000707000000, 0x0000000707200000|  0%| F|  |TAMS 0x0000000707000000, 0x0000000707000000| Untracked 
|  49|0x0000000707200000, 0x0000000707200000, 0x0000000707400000|  0%| F|  |TAMS 0x0000000707200000, 0x0000000707200000| Untracked 
|  50|0x0000000707400000, 0x0000000707400000, 0x0000000707600000|  0%| F|  |TAMS 0x0000000707400000, 0x0000000707400000| Untracked 
|  51|0x0000000707600000, 0x0000000707600000, 0x0000000707800000|  0%| F|  |TAMS 0x0000000707600000, 0x0000000707600000| Untracked 
|  52|0x0000000707800000, 0x0000000707800000, 0x0000000707a00000|  0%| F|  |TAMS 0x0000000707800000, 0x0000000707800000| Untracked 
|  53|0x0000000707a00000, 0x0000000707a00000, 0x0000000707c00000|  0%| F|  |TAMS 0x0000000707a00000, 0x0000000707a00000| Untracked 
|  54|0x0000000707c00000, 0x0000000707c00000, 0x0000000707e00000|  0%| F|  |TAMS 0x0000000707c00000, 0x0000000707c00000| Untracked 
|  55|0x0000000707e00000, 0x0000000707e00000, 0x0000000708000000|  0%| F|  |TAMS 0x0000000707e00000, 0x0000000707e00000| Untracked 
|  56|0x0000000708000000, 0x0000000708000000, 0x0000000708200000|  0%| F|  |TAMS 0x0000000708000000, 0x0000000708000000| Untracked 
|  57|0x0000000708200000, 0x0000000708200000, 0x0000000708400000|  0%| F|  |TAMS 0x0000000708200000, 0x0000000708200000| Untracked 
|  58|0x0000000708400000, 0x0000000708400000, 0x0000000708600000|  0%| F|  |TAMS 0x0000000708400000, 0x0000000708400000| Untracked 
|  59|0x0000000708600000, 0x0000000708600000, 0x0000000708800000|  0%| F|  |TAMS 0x0000000708600000, 0x0000000708600000| Untracked 
|  60|0x0000000708800000, 0x0000000708800000, 0x0000000708a00000|  0%| F|  |TAMS 0x0000000708800000, 0x0000000708800000| Untracked 
|  61|0x0000000708a00000, 0x0000000708a00000, 0x0000000708c00000|  0%| F|  |TAMS 0x0000000708a00000, 0x0000000708a00000| Untracked 
|  62|0x0000000708c00000, 0x0000000708c00000, 0x0000000708e00000|  0%| F|  |TAMS 0x0000000708c00000, 0x0000000708c00000| Untracked 
|  63|0x0000000708e00000, 0x0000000708e00000, 0x0000000709000000|  0%| F|  |TAMS 0x0000000708e00000, 0x0000000708e00000| Untracked 
|  64|0x0000000709000000, 0x0000000709000000, 0x0000000709200000|  0%| F|  |TAMS 0x0000000709000000, 0x0000000709000000| Untracked 
|  65|0x0000000709200000, 0x0000000709200000, 0x0000000709400000|  0%| F|  |TAMS 0x0000000709200000, 0x0000000709200000| Untracked 
|  66|0x0000000709400000, 0x0000000709400000, 0x0000000709600000|  0%| F|  |TAMS 0x0000000709400000, 0x0000000709400000| Untracked 
|  67|0x0000000709600000, 0x0000000709600000, 0x0000000709800000|  0%| F|  |TAMS 0x0000000709600000, 0x0000000709600000| Untracked 
|  68|0x0000000709800000, 0x0000000709800000, 0x0000000709a00000|  0%| F|  |TAMS 0x0000000709800000, 0x0000000709800000| Untracked 
|  69|0x0000000709a00000, 0x0000000709a00000, 0x0000000709c00000|  0%| F|  |TAMS 0x0000000709a00000, 0x0000000709a00000| Untracked 
|  70|0x0000000709c00000, 0x0000000709c00000, 0x0000000709e00000|  0%| F|  |TAMS 0x0000000709c00000, 0x0000000709c00000| Untracked 
|  71|0x0000000709e00000, 0x0000000709e00000, 0x000000070a000000|  0%| F|  |TAMS 0x0000000709e00000, 0x0000000709e00000| Untracked 
|  72|0x000000070a000000, 0x000000070a000000, 0x000000070a200000|  0%| F|  |TAMS 0x000000070a000000, 0x000000070a000000| Untracked 
|  73|0x000000070a200000, 0x000000070a200000, 0x000000070a400000|  0%| F|  |TAMS 0x000000070a200000, 0x000000070a200000| Untracked 
|  74|0x000000070a400000, 0x000000070a400000, 0x000000070a600000|  0%| F|  |TAMS 0x000000070a400000, 0x000000070a400000| Untracked 
|  75|0x000000070a600000, 0x000000070a600000, 0x000000070a800000|  0%| F|  |TAMS 0x000000070a600000, 0x000000070a600000| Untracked 
|  76|0x000000070a800000, 0x000000070a800000, 0x000000070aa00000|  0%| F|  |TAMS 0x000000070a800000, 0x000000070a800000| Untracked 
|  77|0x000000070aa00000, 0x000000070aa00000, 0x000000070ac00000|  0%| F|  |TAMS 0x000000070aa00000, 0x000000070aa00000| Untracked 
|  78|0x000000070ac00000, 0x000000070ac00000, 0x000000070ae00000|  0%| F|  |TAMS 0x000000070ac00000, 0x000000070ac00000| Untracked 
|  79|0x000000070ae00000, 0x000000070ae00000, 0x000000070b000000|  0%| F|  |TAMS 0x000000070ae00000, 0x000000070ae00000| Untracked 
|  80|0x000000070b000000, 0x000000070b000000, 0x000000070b200000|  0%| F|  |TAMS 0x000000070b000000, 0x000000070b000000| Untracked 
|  81|0x000000070b200000, 0x000000070b200000, 0x000000070b400000|  0%| F|  |TAMS 0x000000070b200000, 0x000000070b200000| Untracked 
|  82|0x000000070b400000, 0x000000070b400000, 0x000000070b600000|  0%| F|  |TAMS 0x000000070b400000, 0x000000070b400000| Untracked 
|  83|0x000000070b600000, 0x000000070b600000, 0x000000070b800000|  0%| F|  |TAMS 0x000000070b600000, 0x000000070b600000| Untracked 
|  84|0x000000070b800000, 0x000000070b800000, 0x000000070ba00000|  0%| F|  |TAMS 0x000000070b800000, 0x000000070b800000| Untracked 
|  85|0x000000070ba00000, 0x000000070ba00000, 0x000000070bc00000|  0%| F|  |TAMS 0x000000070ba00000, 0x000000070ba00000| Untracked 
|  86|0x000000070bc00000, 0x000000070bc00000, 0x000000070be00000|  0%| F|  |TAMS 0x000000070bc00000, 0x000000070bc00000| Untracked 
|  87|0x000000070be00000, 0x000000070be00000, 0x000000070c000000|  0%| F|  |TAMS 0x000000070be00000, 0x000000070be00000| Untracked 
|  88|0x000000070c000000, 0x000000070c000000, 0x000000070c200000|  0%| F|  |TAMS 0x000000070c000000, 0x000000070c000000| Untracked 
|  89|0x000000070c200000, 0x000000070c200000, 0x000000070c400000|  0%| F|  |TAMS 0x000000070c200000, 0x000000070c200000| Untracked 
|  90|0x000000070c400000, 0x000000070c400000, 0x000000070c600000|  0%| F|  |TAMS 0x000000070c400000, 0x000000070c400000| Untracked 
|  91|0x000000070c600000, 0x000000070c600000, 0x000000070c800000|  0%| F|  |TAMS 0x000000070c600000, 0x000000070c600000| Untracked 
|  92|0x000000070c800000, 0x000000070c800000, 0x000000070ca00000|  0%| F|  |TAMS 0x000000070c800000, 0x000000070c800000| Untracked 
|  93|0x000000070ca00000, 0x000000070ca00000, 0x000000070cc00000|  0%| F|  |TAMS 0x000000070ca00000, 0x000000070ca00000| Untracked 
|  94|0x000000070cc00000, 0x000000070cc00000, 0x000000070ce00000|  0%| F|  |TAMS 0x000000070cc00000, 0x000000070cc00000| Untracked 
|  95|0x000000070ce00000, 0x000000070ce00000, 0x000000070d000000|  0%| F|  |TAMS 0x000000070ce00000, 0x000000070ce00000| Untracked 
|  96|0x000000070d000000, 0x000000070d000000, 0x000000070d200000|  0%| F|  |TAMS 0x000000070d000000, 0x000000070d000000| Untracked 
|  97|0x000000070d200000, 0x000000070d200000, 0x000000070d400000|  0%| F|  |TAMS 0x000000070d200000, 0x000000070d200000| Untracked 
|  98|0x000000070d400000, 0x000000070d400000, 0x000000070d600000|  0%| F|  |TAMS 0x000000070d400000, 0x000000070d400000| Untracked 
|  99|0x000000070d600000, 0x000000070d600000, 0x000000070d800000|  0%| F|  |TAMS 0x000000070d600000, 0x000000070d600000| Untracked 
| 100|0x000000070d800000, 0x000000070d800000, 0x000000070da00000|  0%| F|  |TAMS 0x000000070d800000, 0x000000070d800000| Untracked 
| 101|0x000000070da00000, 0x000000070da00000, 0x000000070dc00000|  0%| F|  |TAMS 0x000000070da00000, 0x000000070da00000| Untracked 
| 102|0x000000070dc00000, 0x000000070dc00000, 0x000000070de00000|  0%| F|  |TAMS 0x000000070dc00000, 0x000000070dc00000| Untracked 
| 103|0x000000070de00000, 0x000000070de00000, 0x000000070e000000|  0%| F|  |TAMS 0x000000070de00000, 0x000000070de00000| Untracked 
| 104|0x000000070e000000, 0x000000070e000000, 0x000000070e200000|  0%| F|  |TAMS 0x000000070e000000, 0x000000070e000000| Untracked 
| 105|0x000000070e200000, 0x000000070e200000, 0x000000070e400000|  0%| F|  |TAMS 0x000000070e200000, 0x000000070e200000| Untracked 
| 106|0x000000070e400000, 0x000000070e400000, 0x000000070e600000|  0%| F|  |TAMS 0x000000070e400000, 0x000000070e400000| Untracked 
| 107|0x000000070e600000, 0x000000070e600000, 0x000000070e800000|  0%| F|  |TAMS 0x000000070e600000, 0x000000070e600000| Untracked 
| 108|0x000000070e800000, 0x000000070e800000, 0x000000070ea00000|  0%| F|  |TAMS 0x000000070e800000, 0x000000070e800000| Untracked 
| 109|0x000000070ea00000, 0x000000070ea00000, 0x000000070ec00000|  0%| F|  |TAMS 0x000000070ea00000, 0x000000070ea00000| Untracked 
| 110|0x000000070ec00000, 0x000000070ec00000, 0x000000070ee00000|  0%| F|  |TAMS 0x000000070ec00000, 0x000000070ec00000| Untracked 
| 111|0x000000070ee00000, 0x000000070ee00000, 0x000000070f000000|  0%| F|  |TAMS 0x000000070ee00000, 0x000000070ee00000| Untracked 
| 112|0x000000070f000000, 0x000000070f000000, 0x000000070f200000|  0%| F|  |TAMS 0x000000070f000000, 0x000000070f000000| Untracked 
| 113|0x000000070f200000, 0x000000070f200000, 0x000000070f400000|  0%| F|  |TAMS 0x000000070f200000, 0x000000070f200000| Untracked 
| 114|0x000000070f400000, 0x000000070f400000, 0x000000070f600000|  0%| F|  |TAMS 0x000000070f400000, 0x000000070f400000| Untracked 
| 115|0x000000070f600000, 0x000000070f76ef68, 0x000000070f800000| 71%| S|CS|TAMS 0x000000070f600000, 0x000000070f600000| Complete 
| 116|0x000000070f800000, 0x000000070fa00000, 0x000000070fa00000|100%| S|CS|TAMS 0x000000070f800000, 0x000000070f800000| Complete 
| 117|0x000000070fa00000, 0x000000070fa00000, 0x000000070fc00000|  0%| F|  |TAMS 0x000000070fa00000, 0x000000070fa00000| Untracked 
| 118|0x000000070fc00000, 0x000000070fc00000, 0x000000070fe00000|  0%| F|  |TAMS 0x000000070fc00000, 0x000000070fc00000| Untracked 
| 119|0x000000070fe00000, 0x000000070fe00000, 0x0000000710000000|  0%| F|  |TAMS 0x000000070fe00000, 0x000000070fe00000| Untracked 
| 120|0x0000000710000000, 0x0000000710084198, 0x0000000710200000| 25%| E|  |TAMS 0x0000000710000000, 0x0000000710000000| Complete 
| 121|0x0000000710200000, 0x0000000710400000, 0x0000000710400000|100%| E|CS|TAMS 0x0000000710200000, 0x0000000710200000| Complete 
| 122|0x0000000710400000, 0x0000000710600000, 0x0000000710600000|100%| E|CS|TAMS 0x0000000710400000, 0x0000000710400000| Complete 
| 123|0x0000000710600000, 0x0000000710800000, 0x0000000710800000|100%| E|CS|TAMS 0x0000000710600000, 0x0000000710600000| Complete 
| 124|0x0000000710800000, 0x0000000710a00000, 0x0000000710a00000|100%| E|CS|TAMS 0x0000000710800000, 0x0000000710800000| Complete 
| 125|0x0000000710a00000, 0x0000000710c00000, 0x0000000710c00000|100%| E|CS|TAMS 0x0000000710a00000, 0x0000000710a00000| Complete 
| 126|0x0000000710c00000, 0x0000000710e00000, 0x0000000710e00000|100%| E|CS|TAMS 0x0000000710c00000, 0x0000000710c00000| Complete 
| 127|0x0000000710e00000, 0x0000000711000000, 0x0000000711000000|100%| E|CS|TAMS 0x0000000710e00000, 0x0000000710e00000| Complete 

Card table byte_map: [0x0000022dc0b00000,0x0000022dc1300000] _byte_map_base: 0x0000022dbd2f8000

Marking Bits (Prev, Next): (CMBitMap*) 0x0000022da8bc5b90, (CMBitMap*) 0x0000022da8bc5bd0
 Prev Bits: [0x0000022dc1b00000, 0x0000022dc5ac0000)
 Next Bits: [0x0000022dc5ac0000, 0x0000022dc9a80000)

Polling page: 0x0000022da6b00000

Metaspace:

Usage:
  Non-class:      7.54 MB capacity,     5.47 MB ( 73%) used,     2.07 MB ( 27%) free+waste,     4.69 KB ( <1%) overhead. 
      Class:    984.00 KB capacity,   727.52 KB ( 74%) used,   254.36 KB ( 26%) free+waste,     2.12 KB ( <1%) overhead. 
       Both:      8.50 MB capacity,     6.18 MB ( 73%) used,     2.32 MB ( 27%) free+waste,     6.81 KB ( <1%) overhead. 

Virtual space:
  Non-class space:        8.00 MB reserved,       7.75 MB ( 97%) committed 
      Class space:        1.00 GB reserved,       1.00 MB ( <1%) committed 
             Both:        1.01 GB reserved,       8.75 MB ( <1%) committed 

Chunk freelists:
   Non-Class:  22.00 KB
       Class:  8.00 KB
        Both:  30.00 KB

MaxMetaspaceSize: 17179869184.00 GB
CompressedClassSpaceSize: 1.00 GB

CodeHeap 'non-profiled nmethods': size=120000Kb used=507Kb max_used=507Kb free=119492Kb
 bounds [0x0000022db8870000, 0x0000022db8ae0000, 0x0000022dbfda0000]
CodeHeap 'profiled nmethods': size=120000Kb used=2348Kb max_used=2348Kb free=117651Kb
 bounds [0x0000022db1340000, 0x0000022db15b0000, 0x0000022db8870000]
CodeHeap 'non-nmethods': size=5760Kb used=1157Kb max_used=1199Kb free=4602Kb
 bounds [0x0000022db0da0000, 0x0000022db1010000, 0x0000022db1340000]
 total_blobs=1671 nmethods=1262 adapters=322
 compilation: enabled
              stopped_count=0, restarted_count=0
 full_count=0

Compilation events (20 events):
Event: 0.697 Thread 0x0000022dccf4b430 nmethod 1173 0x0000022db1561d10 code [0x0000022db1561ea0, 0x0000022db1561f98]
Event: 0.697 Thread 0x0000022dccf4b430 1174       1       sun.nio.fs.WindowsPath::getFileSystem (5 bytes)
Event: 0.697 Thread 0x0000022dccf4b430 nmethod 1174 0x0000022db88e5290 code [0x0000022db88e5420, 0x0000022db88e54d8]
Event: 0.698 Thread 0x0000022dccf4b430 1175       3       org.eclipse.sisu.space.asm.ClassReader::readUTF (193 bytes)
Event: 0.699 Thread 0x0000022dccf4b430 nmethod 1175 0x0000022db1562010 code [0x0000022db15621e0, 0x0000022db1562708]
Event: 0.699 Thread 0x0000022dccf4b430 1176       3       org.eclipse.sisu.space.asm.ClassReader::readMethod (1123 bytes)
Event: 0.701 Thread 0x0000022dcda8e890 1181       4       java.io.WinNTFileSystem::normalize (143 bytes)
Event: 0.702 Thread 0x0000022dccf4b430 nmethod 1176 0x0000022db1562910 code [0x0000022db1562f40, 0x0000022db1566b88]
Event: 0.702 Thread 0x0000022dccf4b430 1182       3       java.lang.StringCoding::decodeUTF8 (45 bytes)
Event: 0.702 Thread 0x0000022dccf4b430 nmethod 1182 0x0000022db1568290 code [0x0000022db1568480, 0x0000022db1568918]
Event: 0.702 Thread 0x0000022dccf4b430 1177       3       org.eclipse.sisu.space.asm.ClassVisitor::visitMethod (24 bytes)
Event: 0.702 Thread 0x0000022dccf4b430 nmethod 1177 0x0000022db1568a90 code [0x0000022db1568c40, 0x0000022db1568fa8]
Event: 0.702 Thread 0x0000022dccf4b430 1179       3       com.google.inject.internal.MoreTypes::isFullySpecified (48 bytes)
Event: 0.703 Thread 0x0000022dccf4b430 nmethod 1179 0x0000022db1569090 code [0x0000022db15692a0, 0x0000022db1569ba8]
Event: 0.703 Thread 0x0000022dccf4b430 1178       3       java.lang.StringBuilder::<init> (6 bytes)
Event: 0.703 Thread 0x0000022dccf4b430 nmethod 1178 0x0000022db1569d10 code [0x0000022db1569ec0, 0x0000022db1569fe8]
Event: 0.703 Thread 0x0000022dccf4b430 1180       1       java.net.JarURLConnection::getJarFileURL (5 bytes)
Event: 0.703 Thread 0x0000022dccf4b430 nmethod 1180 0x0000022db88e5590 code [0x0000022db88e5720, 0x0000022db88e57d8]
Event: 0.703 Thread 0x0000022dcda8e380 1183       4       java.util.jar.Manifest$FastInputStream::readLine (296 bytes)
Event: 0.704 Thread 0x0000022dccf4b430 1184   !   3       sun.nio.fs.WindowsPath::initOffsets (153 bytes)

GC Heap History (2 events):
Event: 0.543 GC heap before
{Heap before GC invocations=0 (full 0):
 garbage-first heap   total 262144K, used 22528K [0x0000000701000000, 0x0000000800000000)
  region size 2048K, 11 young (22528K), 0 survivors (0K)
 Metaspace       used 5086K, capacity 7670K, committed 7808K, reserved 1056768K
  class space    used 586K, capacity 854K, committed 896K, reserved 1048576K
}
Event: 0.548 GC heap after
{Heap after GC invocations=1 (full 0):
 garbage-first heap   total 262144K, used 3515K [0x0000000701000000, 0x0000000800000000)
  region size 2048K, 2 young (4096K), 2 survivors (4096K)
 Metaspace       used 5086K, capacity 7670K, committed 7808K, reserved 1056768K
  class space    used 586K, capacity 854K, committed 896K, reserved 1048576K
}

Deoptimization events (20 events):
Event: 0.630 Thread 0x0000022da8b71770 DEOPT PACKING pc=0x0000022db88d762c sp=0x00000090c53fcd60
Event: 0.630 Thread 0x0000022da8b71770 DEOPT UNPACKING pc=0x0000022db0dee42f sp=0x00000090c53fcce8 mode 2
Event: 0.630 Thread 0x0000022da8b71770 Uncommon trap: trap_request=0xffffffde fr.pc=0x0000022db88d762c relative=0x000000000000010c
Event: 0.630 Thread 0x0000022da8b71770 Uncommon trap: reason=class_check action=maybe_recompile pc=0x0000022db88d762c method=jdk.internal.misc.Unsafe.allocateUninitializedArray(Ljava/lang/Class;I)Ljava/lang/Object; @ 51 c2
Event: 0.630 Thread 0x0000022da8b71770 DEOPT PACKING pc=0x0000022db88d762c sp=0x00000090c53fce00
Event: 0.630 Thread 0x0000022da8b71770 DEOPT UNPACKING pc=0x0000022db0dee42f sp=0x00000090c53fcd88 mode 2
Event: 0.630 Thread 0x0000022da8b71770 Uncommon trap: trap_request=0xffffffde fr.pc=0x0000022db88d762c relative=0x000000000000010c
Event: 0.630 Thread 0x0000022da8b71770 Uncommon trap: reason=class_check action=maybe_recompile pc=0x0000022db88d762c method=jdk.internal.misc.Unsafe.allocateUninitializedArray(Ljava/lang/Class;I)Ljava/lang/Object; @ 51 c2
Event: 0.630 Thread 0x0000022da8b71770 DEOPT PACKING pc=0x0000022db88d762c sp=0x00000090c53fcc10
Event: 0.630 Thread 0x0000022da8b71770 DEOPT UNPACKING pc=0x0000022db0dee42f sp=0x00000090c53fcb98 mode 2
Event: 0.630 Thread 0x0000022da8b71770 Uncommon trap: trap_request=0xffffffde fr.pc=0x0000022db88d762c relative=0x000000000000010c
Event: 0.630 Thread 0x0000022da8b71770 Uncommon trap: reason=class_check action=maybe_recompile pc=0x0000022db88d762c method=jdk.internal.misc.Unsafe.allocateUninitializedArray(Ljava/lang/Class;I)Ljava/lang/Object; @ 51 c2
Event: 0.630 Thread 0x0000022da8b71770 DEOPT PACKING pc=0x0000022db88d762c sp=0x00000090c53fca40
Event: 0.630 Thread 0x0000022da8b71770 DEOPT UNPACKING pc=0x0000022db0dee42f sp=0x00000090c53fc9c8 mode 2
Event: 0.698 Thread 0x0000022da8b71770 Uncommon trap: trap_request=0xffffff45 fr.pc=0x0000022db88e382c relative=0x000000000000048c
Event: 0.698 Thread 0x0000022da8b71770 Uncommon trap: reason=unstable_if action=reinterpret pc=0x0000022db88e382c method=java.lang.String.<init>([CIILjava/lang/Void;)V @ 5 c2
Event: 0.698 Thread 0x0000022da8b71770 DEOPT PACKING pc=0x0000022db88e382c sp=0x00000090c53fdce0
Event: 0.698 Thread 0x0000022da8b71770 DEOPT UNPACKING pc=0x0000022db0dee42f sp=0x00000090c53fdb78 mode 2
Event: 0.702 Thread 0x0000022da8b71770 DEOPT PACKING pc=0x0000022db14692c5 sp=0x00000090c53fd1a0
Event: 0.702 Thread 0x0000022da8b71770 DEOPT UNPACKING pc=0x0000022db0dee23f sp=0x00000090c53fc600 mode 0

Classes unloaded (0 events):
No events

Classes redefined (0 events):
No events

Internal exceptions (12 events):
Event: 0.141 Thread 0x0000022da8b71770 Exception <a 'java/lang/NullPointerException'{0x0000000710de3408}> (0x0000000710de3408) 
thrown [./open/src/hotspot/share/interpreter/linkResolver.cpp, line 1374]
Event: 0.156 Thread 0x0000022da8b71770 Exception <a 'java/lang/NullPointerException'{0x0000000710a32a88}> (0x0000000710a32a88) 
thrown [./open/src/hotspot/share/interpreter/linkResolver.cpp, line 1374]
Event: 0.156 Thread 0x0000022da8b71770 Exception <a 'java/lang/NullPointerException'{0x0000000710a32d60}> (0x0000000710a32d60) 
thrown [./open/src/hotspot/share/interpreter/linkResolver.cpp, line 1374]
Event: 0.156 Thread 0x0000022da8b71770 Exception <a 'java/lang/NullPointerException'{0x0000000710a33038}> (0x0000000710a33038) 
thrown [./open/src/hotspot/share/interpreter/linkResolver.cpp, line 1374]
Event: 0.157 Thread 0x0000022da8b71770 Exception <a 'java/lang/NullPointerException'{0x0000000710a38ed8}> (0x0000000710a38ed8) 
thrown [./open/src/hotspot/share/interpreter/linkResolver.cpp, line 1374]
Event: 0.158 Thread 0x0000022da8b71770 Exception <a 'java/lang/NullPointerException'{0x0000000710a4e888}> (0x0000000710a4e888) 
thrown [./open/src/hotspot/share/interpreter/linkResolver.cpp, line 1374]
Event: 0.158 Thread 0x0000022da8b71770 Exception <a 'java/lang/NullPointerException'{0x0000000710a4eb60}> (0x0000000710a4eb60) 
thrown [./open/src/hotspot/share/interpreter/linkResolver.cpp, line 1374]
Event: 0.158 Thread 0x0000022da8b71770 Exception <a 'java/lang/NullPointerException'{0x0000000710a4ee38}> (0x0000000710a4ee38) 
thrown [./open/src/hotspot/share/interpreter/linkResolver.cpp, line 1374]
Event: 0.158 Thread 0x0000022da8b71770 Exception <a 'java/lang/NullPointerException'{0x0000000710a4f110}> (0x0000000710a4f110) 
thrown [./open/src/hotspot/share/interpreter/linkResolver.cpp, line 1374]
Event: 0.328 Thread 0x0000022da8b71770 Exception <a 'java/lang/NoSuchMethodError'{0x00000007107e7b88}: 'void java.lang.invoke.DirectMethodHandle$Holder.invokeSpecial(java.lang.Object, java.lang.Object, java.lang.Object)'> (0x00000007107e7b88) 
thrown [./open/src/hotspot/share/interpreter/linkResolver.cpp, line 782]
Event: 0.446 Thread 0x0000022da8b71770 Exception <a 'java/lang/NoSuchMethodError'{0x00000007100de930}: 'java.lang.Object java.lang.invoke.DirectMethodHandle$Holder.newInvokeSpecial(java.lang.Object, java.lang.Object, java.lang.Object, java.lang.Object, java.lang.Object)'> (0x00000007100de930) 
thrown [./open/src/hotspot/share/interpreter/linkResolver.cpp, line 782]
Event: 0.479 Thread 0x0000022da8b71770 Exception <a 'java/lang/NoClassDefFoundError'{0x000000070fe4d8c0}: javax/enterprise/inject/Typed> (0x000000070fe4d8c0) 
thrown [./open/src/hotspot/share/classfile/systemDictionary.cpp, line 284]

Events (20 events):
Event: 0.657 loading class jdk/internal/reflect/ByteVectorImpl
Event: 0.657 loading class jdk/internal/reflect/ByteVector
Event: 0.657 loading class jdk/internal/reflect/ByteVector done
Event: 0.657 loading class jdk/internal/reflect/ByteVectorImpl done
Event: 0.657 loading class jdk/internal/reflect/ClassFileAssembler
Event: 0.658 loading class jdk/internal/reflect/ClassFileAssembler done
Event: 0.658 loading class jdk/internal/reflect/UTF8
Event: 0.658 loading class jdk/internal/reflect/UTF8 done
Event: 0.658 loading class jdk/internal/reflect/Label
Event: 0.659 loading class jdk/internal/reflect/Label done
Event: 0.659 loading class jdk/internal/reflect/Label$PatchInfo
Event: 0.659 loading class jdk/internal/reflect/Label$PatchInfo done
Event: 0.659 loading class jdk/internal/reflect/MethodAccessorGenerator$1
Event: 0.659 loading class jdk/internal/reflect/MethodAccessorGenerator$1 done
Event: 0.659 loading class jdk/internal/reflect/ClassDefiner
Event: 0.659 loading class jdk/internal/reflect/ClassDefiner done
Event: 0.659 loading class jdk/internal/reflect/ClassDefiner$1
Event: 0.659 loading class jdk/internal/reflect/ClassDefiner$1 done
Event: 0.659 loading class jdk/internal/reflect/BootstrapConstructorAccessorImpl
Event: 0.659 loading class jdk/internal/reflect/BootstrapConstructorAccessorImpl done


Dynamic libraries:
0x00007ff7a6e90000 - 0x00007ff7a6e9f000 	C:\Program Files\Java\jdk-15.0.2\bin\java.exe
0x00007ffb9afd0000 - 0x00007ffb9b1c8000 	C:\Windows\SYSTEM32\ntdll.dll
0x00007ffb6e090000 - 0x00007ffb6e0a9000 	C:\Program Files\AVG\Antivirus\aswhook.dll
0x00007ffb99000000 - 0x00007ffb990bd000 	C:\Windows\System32\KERNEL32.DLL
0x00007ffb98c40000 - 0x00007ffb98f36000 	C:\Windows\System32\KERNELBASE.dll
0x00007ffb98680000 - 0x00007ffb98780000 	C:\Windows\System32\ucrtbase.dll
0x00007ffb90c10000 - 0x00007ffb90c28000 	C:\Program Files\Java\jdk-15.0.2\bin\jli.dll
0x00007ffb9a380000 - 0x00007ffb9a430000 	C:\Windows\System32\ADVAPI32.dll
0x00007ffb9aef0000 - 0x00007ffb9af8e000 	C:\Windows\System32\msvcrt.dll
0x00007ffb95c90000 - 0x00007ffb95ca9000 	C:\Program Files\Java\jdk-15.0.2\bin\VCRUNTIME140.dll
0x00007ffb9ab70000 - 0x00007ffb9ac10000 	C:\Windows\System32\sechost.dll
0x00007ffb99dc0000 - 0x00007ffb99ee3000 	C:\Windows\System32\RPCRT4.dll
0x00007ffb98a60000 - 0x00007ffb98a87000 	C:\Windows\System32\bcrypt.dll
0x00007ffb9a1e0000 - 0x00007ffb9a37f000 	C:\Windows\System32\USER32.dll
0x00007ffb98f40000 - 0x00007ffb98f62000 	C:\Windows\System32\win32u.dll
0x00007ffb83730000 - 0x00007ffb839ca000 	C:\Windows\WinSxS\amd64_microsoft.windows.common-controls_6595b64144ccf1df_6.0.19041.3636_none_60b6a03d71f818d5\COMCTL32.dll
0x00007ffb9adf0000 - 0x00007ffb9ae1b000 	C:\Windows\System32\GDI32.dll
0x00007ffb98940000 - 0x00007ffb98a57000 	C:\Windows\System32\gdi32full.dll
0x00007ffb988a0000 - 0x00007ffb9893d000 	C:\Windows\System32\msvcp_win.dll
0x00007ffb932c0000 - 0x00007ffb932ca000 	C:\Windows\SYSTEM32\VERSION.dll
0x00007ffb9a500000 - 0x00007ffb9a532000 	C:\Windows\System32\IMM32.DLL
0x00007ffb95d40000 - 0x00007ffb95d4c000 	C:\Program Files\Java\jdk-15.0.2\bin\vcruntime140_1.dll
0x00007ffb7c7a0000 - 0x00007ffb7c831000 	C:\Program Files\Java\jdk-15.0.2\bin\msvcp140.dll
0x00007ffb50c40000 - 0x00007ffb5179e000 	C:\Program Files\Java\jdk-15.0.2\bin\server\jvm.dll
0x00007ffb990c0000 - 0x00007ffb990c8000 	C:\Windows\System32\PSAPI.DLL
0x00007ffb91210000 - 0x00007ffb91237000 	C:\Windows\SYSTEM32\WINMM.dll
0x00007ffb80e40000 - 0x00007ffb80e49000 	C:\Windows\SYSTEM32\WSOCK32.dll
0x00007ffb99ef0000 - 0x00007ffb99f5b000 	C:\Windows\System32\WS2_32.dll
0x00007ffb96530000 - 0x00007ffb96542000 	C:\Windows\SYSTEM32\kernel.appcore.dll
0x00007ffb95d00000 - 0x00007ffb95d0a000 	C:\Program Files\Java\jdk-15.0.2\bin\jimage.dll
0x00007ffb8fe90000 - 0x00007ffb90074000 	C:\Windows\SYSTEM32\DBGHELP.DLL
0x00007ffb8f540000 - 0x00007ffb8f574000 	C:\Windows\SYSTEM32\dbgcore.DLL
0x00007ffb98f70000 - 0x00007ffb98ff2000 	C:\Windows\System32\bcryptPrimitives.dll
0x00007ffb94200000 - 0x00007ffb94225000 	C:\Program Files\Java\jdk-15.0.2\bin\java.dll
0x00007ffb991e0000 - 0x00007ffb9994b000 	C:\Windows\System32\SHELL32.dll
0x00007ffb96730000 - 0x00007ffb96ece000 	C:\Windows\SYSTEM32\windows.storage.dll
0x00007ffb9a810000 - 0x00007ffb9ab63000 	C:\Windows\System32\combase.dll
0x00007ffb98060000 - 0x00007ffb9808e000 	C:\Windows\SYSTEM32\Wldp.dll
0x00007ffb9ae20000 - 0x00007ffb9aeed000 	C:\Windows\System32\OLEAUT32.dll
0x00007ffb9a450000 - 0x00007ffb9a4fd000 	C:\Windows\System32\SHCORE.dll
0x00007ffb9a180000 - 0x00007ffb9a1d5000 	C:\Windows\System32\shlwapi.dll
0x00007ffb985b0000 - 0x00007ffb985d3000 	C:\Windows\SYSTEM32\profapi.dll
0x00007ffb95c70000 - 0x00007ffb95c89000 	C:\Program Files\Java\jdk-15.0.2\bin\net.dll
0x00007ffb91d40000 - 0x00007ffb91e4a000 	C:\Windows\SYSTEM32\WINHTTP.dll
0x00007ffb97d40000 - 0x00007ffb97daa000 	C:\Windows\system32\mswsock.dll
0x00007ffb94320000 - 0x00007ffb94332000 	C:\Program Files\Java\jdk-15.0.2\bin\nio.dll
0x00007ffb94070000 - 0x00007ffb94088000 	C:\Program Files\Java\jdk-15.0.2\bin\zip.dll
0x0000000069ac0000 - 0x0000000069ae4000 	C:\Program Files\NetBeans-15\netbeans\java\maven\lib\jansi-native\Windows\x86_64\jansi.dll
0x00007ffb94270000 - 0x00007ffb94280000 	C:\Program Files\Java\jdk-15.0.2\bin\verify.dll

dbghelp: loaded successfully - version: 4.0.5 - missing functions: none
symbol engine: initialized successfully - sym options: 0x614 - pdb path: .;C:\Program Files\Java\jdk-15.0.2\bin;C:\Windows\SYSTEM32;C:\Program Files\AVG\Antivirus;C:\Windows\WinSxS\amd64_microsoft.windows.common-controls_6595b64144ccf1df_6.0.19041.3636_none_60b6a03d71f818d5;C:\Program Files\Java\jdk-15.0.2\bin\server;C:\Program Files\NetBeans-15\netbeans\java\maven\lib\jansi-native\Windows\x86_64

VM Arguments:
jvm_args: -Dclassworlds.conf=C:\Program Files\NetBeans-15\netbeans\java\maven\bin\m2.conf -Dmaven.home=C:\Program Files\NetBeans-15\netbeans\java\maven -Dlibrary.jansi.path=C:\Program Files\NetBeans-15\netbeans\java\maven\lib\jansi-native -Dmaven.multiModuleProjectDirectory=C:\Users\eljor\OneDrive\Documentos\NetBeansProjects\PeluqueriaCanina 
java_command: org.codehaus.plexus.classworlds.launcher.Launcher -Dexec.vmArgs= -Dexec.args=${exec.vmArgs} -classpath %classpath ${exec.mainClass} ${exec.appArgs} -Dexec.appArgs= -Dexec.mainClass=com.mycompany.prueba.Prueba -Dexec.executable=C:\Program Files\Java\jdk-15.0.2\bin\java.exe -Dmaven.ext.class.path=C:\Program Files\NetBeans-15\netbeans\java\maven-nblib\netbeans-eventspy.jar -Dfile.encoding=UTF-8 org.codehaus.mojo:exec-maven-plugin:3.0.0:exec
java_class_path (initial): C:\Program Files\NetBeans-15\netbeans\java\maven\boot\plexus-classworlds-2.6.0.jar
Launcher Type: SUN_STANDARD

[Global flags]
     intx CICompilerCount                          = 4                                         {product} {ergonomic}
     uint ConcGCThreads                            = 3                                         {product} {ergonomic}
     uint G1ConcRefinementThreads                  = 10                                        {product} {ergonomic}
   size_t G1HeapRegionSize                         = 2097152                                   {product} {ergonomic}
    uintx GCDrainStackTargetSize                   = 64                                        {product} {ergonomic}
   size_t InitialHeapSize                          = 268435456                                 {product} {ergonomic}
   size_t MarkStackSize                            = 4194304                                   {product} {ergonomic}
   size_t MaxHeapSize                              = 4278190080                                {product} {ergonomic}
   size_t MaxNewSize                               = 2566914048                                {product} {ergonomic}
   size_t MinHeapDeltaBytes                        = 2097152                                   {product} {ergonomic}
   size_t MinHeapSize                              = 8388608                                   {product} {ergonomic}
    uintx NonNMethodCodeHeapSize                   = 5839372                                {pd product} {ergonomic}
    uintx NonProfiledCodeHeapSize                  = 122909434                              {pd product} {ergonomic}
    uintx ProfiledCodeHeapSize                     = 122909434                              {pd product} {ergonomic}
    uintx ReservedCodeCacheSize                    = 251658240                              {pd product} {ergonomic}
     bool SegmentedCodeCache                       = true                                      {product} {ergonomic}
   size_t SoftMaxHeapSize                          = 4278190080                             {manageable} {ergonomic}
     bool UseCompressedClassPointers               = true                                 {lp64_product} {ergonomic}
     bool UseCompressedOops                        = true                                 {lp64_product} {ergonomic}
     bool UseG1GC                                  = true                                      {product} {ergonomic}
     bool UseLargePagesIndividualAllocation        = false                                  {pd product} {ergonomic}

Logging:
Log output configuration:
 #0: stdout all=warning uptime,level,tags
 #1: stderr all=off uptime,level,tags

Environment Variables:
JAVA_HOME=C:\Program Files\Java\jdk-15.0.2
PATH=C:\Program Files\Common Files\Oracle\Java\javapath;C:\Program Files (x86)\Common Files\Intel\Shared Libraries\redist\intel64\compiler;C:\ProgramData\Oracle\Java\javapath;C:\Windows\system32;C:\Windows;C:\Windows\System32\Wbem;C:\Windows\System32\WindowsPowerShell\v1.0\;C:\Windows\System32\OpenSSH\;d:\Program Files\Git\cmd;C:\Program Files\nodejs\;C:\Program Files\dotnet\;C:\Program Files\Microsoft SQL Server\Client SDK\ODBC\170\Tools\Binn\;C:\Program Files\NVIDIA Corporation\NVIDIA NvDLISR;C:\Program Files (x86)\NVIDIA Corporation\PhysX\Common;C:\Program Files (x86)\Microsoft SQL Server\160\Tools\Binn\;C:\Program Files\Microsoft SQL Server\160\Tools\Binn\;C:\Program Files\Microsoft SQL Server\160\DTS\Binn\;C:\Program Files\Java\jdk-22\bin;C:\Program Files\MySQL\MySQL Shell 8.0\bin\;C:\Users\eljor\AppData\Local\Microsoft\WindowsApps;;D:\Users\eljor\AppData\Local\Programs\Microsoft VS Code\bin;C:\Users\eljor\AppData\Roaming\npm;C:\Users\eljor\.dotnet\tools;C:\Program Files\Azure Data Studio\bin
USERNAME=Jorge
OS=Windows_NT
PROCESSOR_IDENTIFIER=AMD64 Family 23 Model 1 Stepping 1, AuthenticAMD



---------------  S Y S T E M  ---------------

OS:
 Windows 10 , 64 bit Build 19041 (10.0.19041.3636)
OS uptime: 4 days 8:43 hours

CPU: total 12 (initial active 12) (12 cores per cpu, 2 threads per core) family 23 model 1 stepping 1 microcode 0x0, cmov, cx8, fxsr, mmx, sse, sse2, sse3, ssse3, sse4.1, sse4.2, popcnt, vzeroupper, avx, avx2, aes, clmul, 3dnowpref, lzcnt, sse4a, ht, tsc, tscinvbit, tscinv, bmi1, bmi2, adx, sha, fma, clflush, clflushopt

Memory: 4k page, system-wide physical 16319M (6576M free)
TotalPageFile size 26381M (AvailPageFile size 4076M)
current process WorkingSet (physical memory assigned to process): 88M, peak: 88M
current process commit charge ("private bytes"): 376M, peak: 377M

vm_info: Java HotSpot(TM) 64-Bit Server VM (15.0.2+7-27) for windows-amd64 JRE (15.0.2+7-27), built on Dec  7 2020 20:07:01 by "mach5one" with unknown MS VC++:1925

END.
